2023-03-27 18:26:39,228:app.main_bp:WARNING:Index page says 'Hello!'
2023-03-27 18:27:00,904:app.main_bp:INFO:Index page says 'Hello!'
2023-03-31 10:57:26,117:app.main_bp:INFO:Index page says 'Hello!'
2023-03-31 10:57:40,447:app.main_bp:INFO:Index page says 'Hello!'
2023-03-31 11:06:40,725:app.main_bp:INFO:Index page says 'Hello!'
2023-03-31 11:06:50,718:app.main_bp:INFO:Index page says 'Hello!'
2023-03-31 11:07:05,114:app.main_bp:INFO:Index page says 'Hello!'
2023-03-31 11:07:09,758:app.main_bp:INFO:Index page says 'Hello!'
2023-03-31 11:07:27,820:app.main_bp:INFO:Index page says 'Hello!'
2023-03-31 11:14:58,776:app.main_bp:INFO:Index page says 'Hello!'
2023-03-31 11:15:12,004:app.main_bp:INFO:Index page says 'Hello!'
2023-03-31 11:16:29,692:app.main_bp:INFO:Index page says 'Hello!'
2023-03-31 11:16:55,361:app.main_bp:INFO:Index page says 'Hello!'
2023-03-31 12:10:50,564:app.main_bp:INFO:Index page says 'Hello!'
2023-03-31 12:11:02,617:app.main_bp:INFO:Index page says 'Hello!'
2023-03-31 12:11:25,166:app.main_bp:INFO:Index page says 'Hello!'
2023-03-31 12:13:35,825:app.main_bp:INFO:Index reject_form says 'Hello!'
2023-03-31 12:14:02,868:app.main_bp:INFO:Index reject_form says 'Hello!'
2023-03-31 12:16:16,489:app.main_bp:INFO:Index reject_form.get says 'Hello!'
2023-03-31 12:16:35,723:app.main_bp:INFO:Index reject_form.get says 'Hello!'
2023-03-31 12:16:37,448:app.main_bp:INFO:Index reject_form.get says 'Hello!'
2023-03-31 12:17:14,220:app.main_bp:INFO:Index reject_form.get says 'Hello!'
2023-03-31 12:17:16,610:app.main_bp:INFO:Index reject_form.get says 'Hello!'
2023-03-31 12:17:43,843:app.main_bp:INFO:Index reject_form.get says 'Hello!'
2023-03-31 12:17:45,957:app.main_bp:INFO:Index reject_form.get says 'Hello!'
2023-03-31 12:18:08,898:app.main_bp:INFO:Index reject_form.get says 'Hello!'
2023-03-31 12:21:18,279:app.main_bp:INFO:Index reject_form.get says 'Hello!'
2023-03-31 12:21:21,120:app.main_bp:INFO:Index reject_form.post says 'Hello!'
2023-03-31 12:21:21,147:app.main_bp:INFO:Index page says 'Hello!'
2023-03-31 12:31:52,510:app.main_bp:INFO:Index page says 'Hello!'
2023-03-31 12:31:55,315:app.main_bp:INFO:Index reject_form.get says 'Hello!'
2023-03-31 12:32:02,131:app.main_bp:INFO:Index reject_form.get says 'Hello!'
2023-03-31 12:32:28,481:app.main_bp:INFO:Index reject_form.get says 'Hello!'
2023-03-31 12:32:29,625:app.main_bp:INFO:Index reject_form.get says 'Hello!'
2023-03-31 12:33:33,462:app.main_bp:INFO:Index reject_form.get says 'Hello!'
2023-03-31 12:33:50,508:app.main_bp:INFO:Index reject_form.get says 'Hello!'
2023-03-31 12:35:20,452:app.main_bp:INFO:Index reject_form.get says 'Hello!'
2023-03-31 12:35:33,594:app.main_bp:INFO:Index reject_form.post says 'Hello!'
2023-03-31 12:37:05,002:app.main_bp:INFO:Index reject_form.post says 'Hello!'
2023-03-31 12:37:05,003:app.main_bp:DEBUG:Reason: я маленькая причина


2023-03-31 12:37:05,008:app.main_bp:INFO:Index page says 'Hello!'
2023-03-31 12:37:08,097:app.main_bp:INFO:Index reject_form.get says 'Hello!'
2023-03-31 12:37:11,433:app.main_bp:INFO:Index reject_form.post says 'Hello!'
2023-03-31 12:37:11,433:app.main_bp:DEBUG:Reason: adas
2023-03-31 12:37:11,468:app.main_bp:INFO:Index page says 'Hello!'
